Build started 11/30/2015 4:06:33 PM.
     1>Project "C:\APPLICATIONS\boggle\boggle\boggle\boggle.vcxproj" on node 2 (Build target(s)).
     1>ClCompile:
         C:\Program Files (x86)\Microsoft Visual Studio 12.0\VC\bin\CL.exe /c /ZI /nologo /W3 /WX- /sdl /Od /Oy- /D WIN32 /D _DEBUG /D _CONSOLE /D _LIB /D _UNICODE /D UNICODE /Gm /EHsc /RTC1 /MDd /GS /fp:precise /Zc:wchar_t /Zc:forScope /Fo"Debug\\" /Fd"Debug\vc120.pdb" /Gd /TP /analyze- /errorReport:prompt Main.cpp
         Main.cpp
     1>c:\applications\boggle\boggle\boggle\main.cpp(65): warning C4018: '<' : signed/unsigned mismatch
     1>c:\applications\boggle\boggle\boggle\main.cpp(141): warning C4244: 'argument' : conversion from 'time_t' to 'unsigned int', possible loss of data
     1>c:\applications\boggle\boggle\boggle\main.cpp(284): warning C4018: '<=' : signed/unsigned mismatch
     1>c:\applications\boggle\boggle\boggle\main.cpp(299): warning C4018: '<=' : signed/unsigned mismatch
     1>c:\applications\boggle\boggle\boggle\main.cpp(314): warning C4018: '<=' : signed/unsigned mismatch
     1>c:\applications\boggle\boggle\boggle\main.cpp(329): warning C4018: '<=' : signed/unsigned mismatch
     1>c:\applications\boggle\boggle\boggle\main.cpp(344): warning C4018: '<=' : signed/unsigned mismatch
     1>c:\applications\boggle\boggle\boggle\main.cpp(359): warning C4018: '<=' : signed/unsigned mismatch
     1>c:\applications\boggle\boggle\boggle\main.cpp(374): warning C4018: '<=' : signed/unsigned mismatch
     1>c:\applications\boggle\boggle\boggle\main.cpp(389): warning C4018: '<=' : signed/unsigned mismatch
     1>c:\applications\boggle\boggle\boggle\main.cpp(417): warning C4018: '<' : signed/unsigned mismatch
     1>c:\applications\boggle\boggle\boggle\main.cpp(449): warning C4018: '<' : signed/unsigned mismatch
     1>c:\applications\boggle\boggle\boggle\main.cpp(457): warning C4018: '<' : signed/unsigned mismatch
     1>c:\applications\boggle\boggle\boggle\main.cpp(547): warning C4018: '<' : signed/unsigned mismatch
     1>c:\applications\boggle\boggle\boggle\main.cpp(557): warning C4018: '<' : signed/unsigned mismatch
       Link:
         C:\Program Files (x86)\Microsoft Visual Studio 12.0\VC\bin\link.exe /ERRORREPORT:PROMPT /OUT:"C:\APPLICATIONS\boggle\boggle\Debug\boggle.exe" /INCREMENTAL /NOLOGO kernel32.lib user32.lib gdi32.lib winspool.lib comdlg32.lib advapi32.lib shell32.lib ole32.lib oleaut32.lib uuid.lib odbc32.lib odbccp32.lib /MANIFEST /MANIFESTUAC:"level='asInvoker' uiAccess='false'" /manifest:embed /DEBUG /PDB:"C:\APPLICATIONS\boggle\boggle\Debug\boggle.pdb" /SUBSYSTEM:CONSOLE /TLBID:1 /DYNAMICBASE /NXCOMPAT /IMPLIB:"C:\APPLICATIONS\boggle\boggle\Debug\boggle.lib" /MACHINE:X86 Debug\Main.obj
         boggle.vcxproj -> C:\APPLICATIONS\boggle\boggle\Debug\boggle.exe
     1>Done Building Project "C:\APPLICATIONS\boggle\boggle\boggle\boggle.vcxproj" (Build target(s)).

Build succeeded.

Time Elapsed 00:00:01.91
